16759435
22041507
14418
21265037
7167933
22940160
22886004
19303
41522
22926615
18853010
22750894
22361342
21942034
4487885
21238958
6409
4635815
21849392
22879239
20012402
22818400
20310843
17538217
19422154
23096215
18153502
10639501
21625218
312
22241134
7198254
10255573
22127906
21849392
19760148
7813875
22207801
2885936
18932923
75776
21434927
19804178
17120
20044047
18207771
16454009
21500452
21317240
17787823
22354655
408
26
14870827
16632311
22388100
878
210
2952
7274320
4617
20966127
18304445
23177844
14356
18490
20959652
22374719
12947238
20617918
9855
8912
21605493
21225925
578
22361342
3462567
17746105
22596015
23164229
17633101
2649448
14648080
22535553
23041875
21382582
14016466
19697335
20836819
9918873
1901642
227
21638373
18304445
4239
23252798
7224832
22831913
18828456
21849392
13810774
5405
23116609
22879239
6658
23259618
20368247
16759435
21513568
75776
5059
6151397
5378
35340
165
20617918
19678510
871600
22622913
399
13538896
14053549
1621
18767143
5623670
19760148
21638373
23075830
16362362
1567539
12131457
20940233
23075830
22596015
23245979
209
23164229
870936
20907889
22596015
16695812
2944
936
101
70965
15716836
14182
20234434
22967262
21592349
133
13445394
13033883
7042
23103012
23137012
3074223
22974040
18033196
20368245
10876026
3873075
19779012
19898695
3351
14588605
16799980
1196
22838671
21180351
22187812
8760
22696965
21889073
18136
14909026
19653424
22475173
1394
20791659
8068875
22596015
4171
16534414
22967262
23137012
21500452
22967262
21037416
16846381
19037671
143618
23198274
14502313
68
8694840
22374719
20830364
20791656
22468469
21500452
1414
23327870
18571611
20849732
21942034
1005
14389445
5664010
15560283
22676
14507699
4241
3417986
2816787
11381
4222350
22852190
20637187
23062245
731635
16887037
22354655
1283
4563167
21605493
22307877
16168463
17961212
182558
17443590
10829442
16499929
19791594
21915545
23150619
16805777
21585778
805
23321040
17419971
133421
16517166
14513086
829
22535553
16742072
20830364
14425
14303753
12057706
5556959
6927978
828
1803
22495291
20228073
21024445
20063047
8791002
14914488
22879239
554
5885
7404511
8423
23075830
905
18292343
4557128
15504551
12033170
17190537
7346926
4210733
23041875
19741293
477661
21238958
16881226
1377523
21434927
363
8760
23252798
1876361
10286
15537977
7865340
10639501
17567843
5083
11394652
13758280
1318
21251994
18963700
23334701
22234465
2155734
20617918
11184
18828456
3064320
22048147
21186860
7423755
22940160
23184653
5898604
21134816
15360133
14159763
3449430
23164229
2290335
22831913
10111306
21625218
506651
23341533
13570125
23082624
21395663
22481878
21271559
10360017
341
20540934
260
23225529
22886004
8169579
437
14507699
16730501
23048664
20483291
22048147
44685
23055454
23075830
73323
20145472
21935410
3462568
3553
6267632
8169579
19597042
9679870
20259888
3074223
23137012
21356432
22488584
22750894
18443854
20920824
3651275
26062
19503254
19372324
23041875
22347969
19766435
8530
136805
21849392
2880
6051
13507696
23089419
23062245
22838671
6521282
12443634
9990297
21710797
21592349
12669083
18319
18462078
14898106
1862
20025057
2674
23109810
4923171
22750894
18165555
377
23252798
20830364
2880
15920
22535553
21258516
19653424
22703703
31364
15549128
11337446
23130210
4411
178165
499804
131969
21849392
21664695
17955219
20875569
21448024
13090103
20862649
22234465
10662577
20215355
21869228
7408359
19735010
18705928
14789137
23184653
23109810
20953178
10815485
872428
23028300
2988
20592241
8599
8405487
21684447
23014729
23062245
646957
21809749
21710797
17122
3449436
2405
19291494
8862
18871437
20170870
744
23225529
10824789
21389122
21889073
1702
22676757
19372326
22495291
31356
10419
20069382
21942034
16736286
135011
20310843
1374
2338
15666440
10579623
14729373
4617581
21691033
15277108
21644952
14122543
21134816
21024445
10662583
23007945
23103012
8924
22589293
20843275
12962508
4379
18920618
23164229
22374719
23103012
23116609
825
22892770
269
22967262
2554
16718934
16384
15360133
23137012
23198274
13990006
34950
22354655
21024445
10360017
15823494
14859921
22167835
5157945
22609462
16678481
14529252
9896616
18286
22281168
23143815
20419338
2054
20177222
22818400
19835657
792
3554
17567843
22899537
23075830
23116609
525162
20037716
14513086
5154735
11852385
14713095
21605493
23041875
22535553
17337433
5891
23334701
18009185
2816787
1432517
542390
10210354
21258516
2910
18033196
20508900
19772723
18853010
15001994
5355
20733661
137331
4901248
20025057
22622913
8694840
22234465
17925269
22886004
15095269
105
16476962
17502701
723
23123409
18791657
23075830
22127906
2383
2605
13690228
8603372
478708
20759426
19285283
16690034
11105365
3942871
22798138
21546375
20298098
3959728
10135
16730501
22441664
22919844
23245979
2727
3050
8511
23109810
22919844
9282
4312
1307219
16933560
23130210
23116609
21552940
10282762
1340
21697620
8600
1242195
10237473
22926615
16499929
140168
4778
22622913
22374719
20534525
3665
21856003
135011
22535553
2342
138104
23103012
15360133
14418
16690034
22041507
425
10640
5196530
22388100
23130210
22074717
20907889
265
22528840
16828972
23062245
6692013
15616116
6521282
6214666
23075830
23266439
22121254
12987980
6872285
22636368
20063047
18165555
23150619
610
22777884
19747577
22926615
133433
1239
20830364
10876026
564
21546375
1917287
22750894
18865294
872
5720
23116609
22987599
4938880
1334661
13331690
23150619
18147477
22723920
13958290
14239661
20856190
2707137
22940160
219929
21134816
8153425
18791657
22649827
15535
1262289
18614295
14870827
19353655
10773673
22737405
265
22374719
5974333
20063047
23225529
11640
6053982
21434927
5431032
20310843
16425342
11552682
889
506651
1090
19062361
6634
13810774
22636368
16094646
3532
19841956
17955219
461746
23103012
5823315
16436807
9543
21869228
11095943
967
1377523
23211900
20534525
23327870
22609462
31254
7778285
23103012
17931257
20617918
23075830
18183642
21849392
15582602
13953007
4483
23130210
17710379
23103012
21389122
19397232
134042
15582602
2918
41724
22622913
22886004
22428267
14832676
1031
22798138
21011474
21258516
22461766
22307877
23041875
22247804
20553754
18165555
4563174
20483291
13937167
23048664
16236770
17237478
12092090
23055454
23109810
20938
23184653
9014605
19653424
1968293
20791659
5734
21258516
21539811
805
21697620
22831913
21942034
21141318
41974
208
7175506
8603372
1081
23075830
2216262
15051
17155374
12669083
7346928
1627
19779013
18437781
1280078
11261448
2900450
975
23130210
21546375
9764
12628862
1991
158
373009
20798108
2931
22858951
492
15834746
22933387
14734803
8495936
10003710
7320126
5049370
16828972
23334701
20145472
157
22241134
23014729
23021514
22838671
3449435
4751
1519
12175836
22703703
19886080
23075830
23205086
1237
25622
5720
14962
44612
23177844
20521710
20432120
14418
19359877
213248
16690034
1796
22341284
23021514
4675555
18033196
364074
21500452
22241134
21102323
3432
21487337
2161
17561916
21710797
19006832
22448364
22234465
16551670
22690228
22221131
1768
9227
1363
17502701
893256
222260
21664695
17237476
22906305
5974333
20368247
11993957
22886004
23116609
4923186
22818400
22354655
23082624
23150619
18932923
5141908
23137012
4662
22508708
11475
3024
23082624
11485512
23327870
17198
15593768
9282
16881226
20438513
485
22314557
8590932
21822959
21730569
19006832
16375
23177844
18712045
8402
2674
8647
22247804
14577804
376120
18111350
1876433
22461766
17931257
1599
17597492
6141
8169579
1445
22609462
6927978
11276
22555698
19037671
23164229
23075830
25525
21552940
10425
3931645
15084282
2433
22441664
4521056
23082624
23116609
3799
22294520
10653343
20598659
10278228
1286
20310843
3351
10634889
270
21500452
9491788
23198274
16436806
20208997
17167091
143722
22294520
1270192
23225529
260
121908
15504551
11020702
19320
19791594
23218714
218396
6583
22468469
22535553
2524489
2974
22649827
4067222
675255
23014729
21975163
23321040
15593768
18292343
21518
22622913
3554
14185
2649448
23218714
21154325
1000
5782
23014729
17865442
131
15834746
4866828
22167835
22609462
20387399
18183641
20342723
7913034
18669247
10848064
18889873
4660185
23028300
15584
23028300
70993
6039
16620778
22899537
23218714
3462568
377
1308868
16759435
21102323
12669083
20849732
143115
211995
23103012
3850
18437781
10116
21128315
16567
16869607
16678481
1748
22596015
9523
20419338
17331545
10120305
6927978
13684996
23225529
1850
5789295
506651
213283
12987980
21935410
5145114
16094646
6521282
20139125
23259618
13596186
1901640
18268160
22940160
3451
20304470
11489
23137012
21975163
12886261
23177844
1749
6076
9465643
14977
15382311
1968303
22121254
41264
19659694
4879323
6634
221666
12583670
11823193
20368245
10332727
923
6635
22899537
3718
21225925
20605078
22414874
564923
21869228
22683492
972
2497618
22636368
22488584
22609462
12473580
840
23150619
22347969
23075830
21408748
22696965
10120305
5633776
13300729
13684994
18902167
22374719
2900450
11385108
20849732
21684447
1086
18039205
17991186
14218324
20521710
22886004
22617
23062245
15908
2164042
4923171
41696
3447
5850629
6927978
14223657
22723920
13090104
21776740
22750894
7243848
20508900
5850629
17408168
20907889
1929018
22730662
22535553
21849392
21776740
14183
5492
20849732
22886004
22872475
23327870
23116609
1450
22394792
20234434
7183088
3351
14011171
17137
2531251
22858951
5444225
1397
21948659
1416
22609462
3962543
19279073
14931
3173544
533
23028300
10880690
17555989
23327870
245
6569
5097129
1876432
1124
1196
19260447
1200
23150619
3942871
19691059
22274493
17108
22001689
15084281
8694840
16359
1377485
21612067
20901422
22081362
1731
21889073
15616113
23218714
3876
15476718
15919269
16328063
786
4174
22879239
17633101
13084987
22388100
1367614
2244
18620397
5957078
22508708
8925735
22596015
1105
560520
14218324
4792352
14870827
22127906
23075830
10524521
1322
3661
21102323
4508983
22172
18377113
5052547
4660189
19779013
23055454
16753646
2663
153497
102
1000
19521992
22940160
20139125
15349050
19161273
22508708
12028265
2671
3714
7444
218780
20063047
14642668
17355100
10862041
23014729
6931701
4508989
19285283
2761
1434604
22852190
19037669
20953178
21743756
23218714
22388100
22777884
3301
14740232
21948659
19653424
22495291
9896616
4222346
20843275
23130210
22528840
22361342
10414722
21095827
12962508
12175833
515
18889873
22081362
1393
22388100
8088969
222
21546375
8097014
3426
19161273
17184674
14680563
19136521
9461293
23273261
1470133
2515526
14930877
15487848
16881226
12628862
17514536
19684784
23137012
10872
3615
23075830
21638373
4013316
23103012
22596015
21474227
21141318
10634889
18419568
18657029
22495291
756811
18865294
19603303
20733661
2423
218319
2155725
4168
3210
21487337
9282
14909027
23014729
7913040
8076910
22596015
19275
2973631
7346926
9504862
16425342
19886080
23096215
22468469
4362922
23252798
18602094
16840577
18304445
17931257
11954824
4318750
20012402
18614295
22041507
11571910
238279
16620778
1473
22488584
1296
20907889
22201136
14402
17710379
17443590
233
21605493
21684447
15885433
20553754
8765853
22354655
19136521
1424
4321690
20170870
21395663
15102
7940917
16060627
19353655
22690228
16225375
1567458
18111350
18705928
14588605
22791385
40
954
5196530
19779013
23103012
18136
19285283
806
349
20342723
22791385
1792
21789940
16213985
19659694
23028300
14707671
14870827
23075830
19161273
4721473
23341533
153638
14507699
34377
21389122
691230
22596015
22021594
15266053
19653424
22872475
5556959
21258516
9500503
21154325
23225529
10044
17538217
140168
22127906
20875569
21582
20069382
810
143724
133414
21776740
22167835
21942034
1906
7734969
14583204
133414
22187812
21572640
21915545
1003
19453329
18213806
22940160
21882457
4222350
22626
23130210
22408179
23014729
21935410
20966127
4271862
15266054
22750894
20419338
22596015
22314557
8471181
21500452
258
23143815
138699
132
22852190
478718
20368247
221653
22374719
7062353
20342723
18669247
153278
21376043
3406
256
15616113
20310843
21849392
3942863
13269806
905
22247804
8097014
23211900
18657029
22441664
9750361
5012
23103012
21889073
18730402
22361342
2128679
4144417
15851633
180
2193
21500452
8133
17985188
22676757
17931257
22408179
22852190
23021514
22241134
18828456
14832676
10296396
18165555
20540934
22858951
37
4521056
20894957
6916818
19422154
23082624
19766435
22468469
446
22676757
21710797
5444225
220606
23273261
14914488
20069382
13953007
9750361
2829
23116609
23137012
22261146
19886080
23075830
21297656
10205836
14577804
5322890
23075830
19006832
373847
22241134
16580
8097014
22041507
5427704
449
4371
23055454
15733659
19835657
41766
22596015
1242
19235628
4989253
3665
16362362
2528996
22933387
11280435
9138069
23041875
22468469
13
19403461
21467674
30759
23116609
14228991
9715071
22899537
10322
1145
8600
17020948
6583
20202640
23130210
3724414
22234465
23116609
13810774
22899537
22596015
4478907
21487337
6640921
16921923
20253523
21664695
8942
21862615
22886004
21134816
1467
22811645
7327779
21856003
2772
21697620
284
12558599
19037671
14821786
22636368
19772723
22886004
21265037
22081362
8130
12669083
18908316
7924976
8824573
17991186
6927
4819
21238958
6635
20025057
10579623
3406
16869607
3898142
12156106
22676757
40
1715
23096215
22021594
15040365
23089419
23273261
14218324
21572640
1046
20304470
14218324
5724
22241134
450
500
15644061
18608194
2513
13331690
3449435
18292343
9679871
187971
22723920
7167933
7092464
22596015
22798138
18237953
19353655
20617918
5160
6281798
13763526
22798138
130782
833
2768
16522916
16225375
22081362
10322
20733661
12628861
4831
13831801
20791659
16522916
23075830
22737405
22488584
22535553
1470136
20733661
20830364
20298098
14367996
9963502
17937246
20914356
14011172
22858951
168
23321040
3163454
9509
6539351
22221131
23150619
22750894
1968293
441
9918870
14261012
14898106
13831801
22636368
22636368
22354655
17633101
22294520
20037716
22899537
9838871
22940160
12805269
1000
20785208
20310843
20733661
23137012
23001162
5427692
17102719
15045850
8636
16236770
21382582
18932923
11266
192
19353655
3457
17931257
16678481
22221131
11276
13753035
16811575
22886004
22481878
20534525
6414
20183575
6581
20598659
15896708
22475173
808
9787
17514536
20412948
245
1292
23041875
16499929
646943
70940
10782957
23307383
15278
22750894
23014729
8105062
472
1273381
21265037
22114603
2898029
14672
836
23130210
22041507
23273261
22831913
12334222
150106
23150619
13596186
22622913
23225529
8765853
19653424
954
22167835
9543
12628861
19898695
148487
22274493
7972819
10297
22858951
23014729
22361342
317
20856190
14491544
14545427
2569577
14642668
23150619
22408179
143724
7790126
20849732
22421570
22121254
23137012
2342
19217025
691241
22737405
18443854
3547202
22811645
16499929
22041507
7766460
14925413
23055454
18761017
20259888
20940233
19006832
22886004
134034
168960
10496989
12018455
3020
14101294
16259571
19829359
19223225
20656465
23001162
22906305
20856190
22495291
4879331
10035038
13566
18577707
5974333
935
23014729
12669083
17787823
23334701
20940233
9923375
18165555
148540
12952327
3017608
4841896
22906305
2161
11842648
4493
14691402
23096215
21102323
7976829
16690034
17366886
387
15644061
22683492
2301
23041875
12623836
21160830
22622913
2585
20907889
15175
21147821
562864
13847583
14642668
22341284
16545917
23014729
16054960
22121254
23252798
3441541
18748768
21948659
21889073
17425874
23130210
5845
21737162
9928
17044291
25682
22475173
21395663
22294520
19043842
21592349
18310496
14261012
20598659
23116609
22879239
5751949
22014958
42738
22960485
4617581
15360133
21730569
17955219
3236
21154325
1678
22838671
1405
127
2294609
22777884
2948935
22147867
19291494
21225
1537
19409691
9896616
23116609
23266439
19266656
17108
9535
18437781
1375
176
18322601
22886004
11920
13695461
22281168
560798
22858951
22408179
18791657
22838671
1464
5486
19353655
2184
23205086
21539811
3345
22798138
22750894
16476962
22831913
4775
2974
22014958
10820
21546375
14642668
16678481
22535553
16054960
23028300
23055454
23116609
4030327
22636368
7652582
3457
15834746
19974463
17232
22441664
19766435
20933762
347
2971
22730662
218780
20617918
22596015
10360
3431059
360
22354655
11427
17085179
22798138
73
8222161
13684994
15915
5874569
219927
16799980
7340
275
550
20598659
20177222
404
22041507
21011474
4393
21822959
9855
951390
22804891
565953
8473
21809749
11954824
5457445
20381014
22696965
23334701
21428380
136990
412
7069870
21849392
219922
20907889
76
18292343
5457445
16471222
22886004
5898604
18932923
7968827
1853289
22636368
11499891
15834746
20720785
16471222
11663382
10332727
3944
40
377777
23014729
1903
14865373
22495291
2709461
18171583
17278599
22414874
477744
19565753
9666675
21849392
1377490
578
18705928
22354655
23164229
8778
4778
14925413
19403461
17050130
1768
14857
22394792
20234434
22495291
756439
19353655
14599410
17272721
23116609
16713152
18889872
22535553
691241
14590
1296
1412465
899
14425
22798137
14898106
7901090
6106
19691059
19372326
2132806
12161037
21552940
4709188
951517
23150619
22940160
6271172
14507699
22899537
20342723
15114
20381014
3881423
22750894
2440
20310843
21389122
18620397
20534525
16402424
1537
140383
10332
17225736
723296
7882
3417968
15582602
21283
8258695
252
22596015
21487337
15583
13507694
18015187
23041875
1377490
12136384
2473
7976813
1549
20444908
18632604
22535553
19772723
15295
20205
6530
16632311
22394792
10117
10524521
23273261
19372326
9561614
2900446
41696
22088008
19999752
34962
16305
8557823
10286
35341
22656558
21186860
23103012
22757640
20959652
1270192
17178812
75758
2065
23245979
100
13146440
756451
10815485
302
22234465
20069382
22609462
22899537
15051345
19603303
1688
2707137
16951022
19565753
16522914
4770722
22676757
2155725
5427704
12699287
18608194
22845430
23218714
3534
1984
18602094
23218714
20508900
22940160
20208997
19266656
231
148540
19565753
16522916
1433
1581
23164229
23103012
8917288
18334710
19279073
3168492
14583204
18748768
20843275
20940233
2401
21789940
2674
21664695
5270894
22940160
10330
22274493
21677862
21942034
18195704
22535553
23218714
1968293
14507699
17278599
20470493
2143221
22041507
12805269
22408179
22314557
4660231
23130210
1736262
22234465
21776740
1749
19886080
16499929
18292343
184853
18274205
10097821
11576721
19886080
2988
21935410
11499891
5434335
17931257
180
19291494
376050
16368083
18608194
857
16522914
327
17520455
9434
376931
1968293
31358
542043
10662583
6521282
247130
10640
13290417
1061
21743756
4393
20836819
3867515
9258
142880
4462
18437781
1086
1316
10792247
880210
22535553
23014729
21948659
21513568
13033883
21258516
22899537
577220
22596015
13033897
20052
23218714
22940160
4819
12136384
6029644
22636368
129353
16603486
18147477
13717
1885
142944
23225529
10639501
22737405
18620397
23198274
3398
11030103
16649617
20669322
7879
526
6696
21737162
23021514
16927741
21710797
16471222
23245979
17555990
20798108
91
23082624
3236
22535553
931
16736286
17781859
19372326
13151568
817
22858951
21539811
2542496
3965365
23028300
11891363
25622
20836819
13953007
22267819
19161273
22041507
21487337
1291216
6935
17114417
4898092
21513568
23137012
20069382
21173843
152765
23137012
21849392
3351
5374
4932599
23177844
1153
14425
18602094
312
22121254
21317240
22919844
178
2143245
2900446
19409691
22886004
185
1618
22622913
13564916
1411
8536
987
1792
21776740
18136
22676757
7972819
14642668
18614295
23164229
21582
22582572
14016466
23252798
23028300
23307383
22750894
6702990
14346
22281168
6648210
19099426
18449928
1592
23218714
1552
4508989
21258516
22294520
6568317
21942034
11823193
290
3710
22886004
221666
4393
14502313
20304470
19353655
17955219
21173843
17178812
22121254
18237953
23116609
23130210
22535553
13753035
20856190
23334701
21664695
13512894
2585
22798138
21822959
13538896
972
22858951
22926615
1952
23103012
4446023
9874384
121740
17901327
20063047
23177844
18321
400
22858951
17122
14470
7889172
9838873
41725
22886004
4726
18437781
7790126
22461766
827
9155172
25524
15834746
522499
22347969
672
21638373
16425342
23225529
21849392
21219410
19760148
16661160
22886004
646943
472
10653344
23062245
21102323
22886004
10012656
19378551
20444908
20438514
22596015
10281
19031499
14919950
4488
19397232
3226
12240051
19074713
18147477
19999752
22683492
2829
23021514
7882
22919844
9715071
122892
1863
4395468
21258516
6643
22187812
22596015
20772315
22879239
19684784
11915755
6053982
14903565
3049510
22656558
10634889
16094646
8495910
23109810
23164229
22994380
18141453
4419212
6816905
23048664
20489692
22354655
12805269
20966127
1592
3211328
218822
23321040
4321690
303
13525
19747577
20483291
21915545
9031589
9531041
18407432
23116609
22609462
21258516
18932923
21869228
22899537
22201136
20419338
19260446
3173544
22967262
17461314
21995056
21697620
2709461
368
23218714
5556959
22899537
1640
143000
6589
19521992
3460
22127906
1610
1032
22488584
2801
22247804
21362968
22374719
23041875
23103012
17650921
9543
20849732
20361863
14789137
17167091
13151600
134042
16066295
19691059
10196804
4511991
5517053
22562415
4660177
2617295
10820137
22804891
22127906
2405
5251437
22940160
20553754
15221883
16574690
13900238
21238958
20643612
209
4773810
22167835
18033196
12633888
22535553
15122751
6053982
20843275
20901422
