16328127
23423593
21284596
19553256
3958
16322411
24140826
22247808
21258508
23746386
23457827
23075829
24043645
13700680
24140826
1275
22347974
24057516
24085270
24119985
24015915
23939740
24085270
7122
5417992
20063034
592250
21082822
23533231
16168573
20785189
8292
24182535
23416749
24119985
24085270
1294
20740083
22515421
23939740
18237966
23780857
21284596
10699583
24119985
17567904
230
24126931
18256088
2895052
24015915
23746386
128378
167
23075829
24043645
17573832
24189490
21343355
1099
7508
22401488
15443
2120
23711941
9960
11643826
11692127
24050580
23960503
20145468
24140826
23416749
24175581
22845431
24154725
22247808
21730556
22879241
24043645
17502761
9022551
2070199
24479
24182535
9816412
23739495
23967426
6801
23259613
24210361
5586935
23877506
22461769
13526
3325
23218709
23898241
3432066
23588147
15117254
24140826
24175581
9039555
12
15840468
23967426
20617894
23375706
23753278
23157420
23650004
3345
17728288
14378798
24119985
24022846
870
19472048
23981275
13372976
8636317
23995128
23069036
23430438
24140826
24015915
10300660
23939740
22750897
21770129
1245
23314209
24002056
13705
3780244
6798514
177501
24154725
8040380
23327868
5796018
23988201
23760171
660
22347974
18195716
20810987
19472048
18177623
15975828
3239
14069523
23988201
23273256
23739495
15454520
23327868
24210361
24203403
24175581
19691056
24036711
21842771
27888
4197783
17050183
23995128
23028300
23718828
78
24161676
3909
20412921
17722334
23409906
20196274
18687598
23601886
2685
24015915
6008
23732605
21108803
20804536
23478380
19130346
1641
23075829
19615835
15554737
14032416
24057516
23988201
2120
23739495
23863687
15896797
22401488
16442611
2021866
23300554
24140826
820
690
23981275
24182535
22181153
4476
9330907
22609464
6905675
21102306
23062244
5180915
24043645
23905155
24106096
1911
14124
21251988
20393757
23375706
18334719
23995128
24043645
1816
21803134
11871678
18207784
15554
23444130
925
17313974
23588147
24064453
23546954
24140826
24182535
24050580
24154725
4381
14876293
24189490
24119985
24175581
124604
23967426
66
17108633
23822254
1750267
13008383
24119985
21082822
24119985
24071391
18268175
23718828
21961902
2141
23912070
14876299
24043645
24119985
24189490
9411
23540092
16379594
24002056
4647
23232340
21928778
23314209
18791667
23164226
27071
24113040
17202357
2316
24161676
18644838
10473944
20740083
23746386
12299353
24050580
1534
1551
24015915
23981275
12353962
23939740
24189490
22354660
22946935
4367480
18207783
21245469
22838672
24064453
11740533
23684403
24175581
24175581
24154725
8876
24119985
19223239
24126931
24210361
6571
24119985
295
23981275
24147775
23109809
1356
21115301
18334719
4018
10588917
11930213
16551726
1565
24126931
24050580
23981275
11774466
23946660
23471528
23588147
16049383
22495294
22368034
24015915
23375706
14752
512
24154725
191
24085270
5875
22946935
24210361
3951
16459819
24029778
2703
24210361
15045862
23643127
21737149
22481881
16567
24189490
5049847
17997198
24154725
24057516
9933
11161657
23981275
24140826
24175581
24029778
24175581
6110
3185523
23967426
23307381
22831914
24126931
23829157
24175581
21710783
15421177
24140826
24210361
24140826
23939740
24175581
1551
16603544
20643588
24168628
20342699
23416749
22980820
15321377
24175581
23574412
23718828
23327868
24182535
13821323
21842771
23512655
148
22261151
21467668
24210361
10016799
19867151
1940
22703704
22643099
18718177
21493885
22994381
24203403
15443
7481512
24175581
24140826
1439
24203403
23863687
253
15649679
24015915
24175581
23334699
16916148
22448366
4592
22014954
22121249
23636251
23048663
2568
24050580
24022846
24064453
23164226
16374
24043645
23375706
3353859
73524
24182535
23691286
21803134
3353859
23368869
5507051
23457827
426
5620
22041504
6442
3780243
24085270
23939740
24189490
22636370
68
24050580
19647159
8433826
23863687
18449951
5753
22602740
22307880
24043645
5873
19019170
23995128
18286313
24175581
1746526
10232720
23492087
23157420
23939740
12648
24182535
16117438
24015915
17266936
23595016
23918986
14583285
2455
1335
24175581
8740389
21710783
21789929
24140826
9417
1875
