7734
4979
24286965
24182535
471
24286965
24224280
18358948
480
671
35474
24231241
24196446
24085270
24099153
15629
24210361
22294519
11891085
24015916
24286965
24015916
3034
24279996
24286965
24286965
24286965
24286965
8487217
2038569
24286965
21691021
16597761
23601887
10542299
24196446
11638911
24002057
24286965
24182535
24231241
22919845
14210
24140826
22475176
22717183
24273028
24286965
24113040
22502002
24210361
1342
24286965
19173654
22307876
16742103
23877506
24099153
24015916
10685052
24273028
24057516
24196446
23382543
12348871
108051
20650022
23485232
24286965
24286965
2306478
24279996
17137873
24286965
24286965
22946935
20189913
24286965
19540729
24286965
24279996
24286965
117953
21147815
24217320
24286965
24286965
18334721
24043645
24286965
44638
20037702
24286965
23622503
19904982
24231241
24286965
23856779
17479093
1004
14772874
45073
17955242
24099153
15282637
24279996
24286965
22401487
24286965
24279996
24279996
24036711
24286965
24196446
22933388
1772
18243998
22508711
24231241
24224280
24286965
24286965
22201134
24231241
12508389
24015916
24286965
24286965
24224280
6414
24147775
24286965
3665807
23409905
786
24273028
24133878
24175581
24286965
4378768
22771139
24273028
24286965
24279996
24140826
937
24286965
23348363
23232339
24217320
23574413
18712052
24043645
24224280
21942023
21770122
24008986
509599
3785
23211894
24286965
24182535
24085270
24286965
22723924
907
22582575
1909
24106096
24286965
13074679
24286965
24286965
24286965
24196446
24245166
20380996
24286965
22744153
24286965
24279996
15532393
569
24140826
24286965
20688599
24259095
23327867
15789811
17467271
24231241
24286965
24140826
24286965
24231241
9758633
22919845
24252130
121014
127
24210361
24147775
24286965
24286965
24286965
6737
23967427
20483275
20714337
11701662
23334698
24196446
24231241
30681
22744153
18705935
24133878
4305101
24273028
24210361
23863687
23995129
13187404
24224280
24175581
6681029
21704195
23967427
23663762
24286965
16276712
7593883
24175581
23870596
22401487
21232439
24043645
24266061
23041869
21598914
22401487
24286965
24286965
24286965
22502002
693407
23157418
24210361
24008986
24266061
34807
8290594
21024432
19816748
24286965
4829
23123403
22001684
4606
24286965
24189490
24286965
24161676
24286965
23967427
24217320
24119985
18286310
24279996
551
2209172
24099153
23636252
24099153
23416748
20675736
24224280
24224280
12149
11954561
24286965
24279996
1115
23157418
23416748
23856779
4308
19835639
24119985
24286965
17871473
24286965
24259095
1874
20419322
23636252
24196446
23348363
11923
23636252
24286965
24266061
24119985
24224280
24286965
21076338
24286965
12942078
23307380
24286965
23526372
4915
7194192
498
22074712
20669306
23157418
24273028
11318037
22933388
7837
6481712
24147775
21076338
23048658
7466
18516812
175611
24224280
1937789
24286965
901
24266061
22181149
24196446
17627205
13963606
24279996
24286965
105055
892
23773962
23773962
23932822
14127
23988202
21154319
3157393
24099153
22804894
24154725
23519512
82643
24286965
23981276
23450978
24286965
24286965
24057516
24286965
23863687
22475176
24224280
23967427
3207884
24286965
17967229
24231241
18510727
24266061
24140826
2893
24286965
24286965
17811739
23988202
24266061
22401487
24279996
24196446
24286965
20515289
24286965
22234462
6384898
24286965
24279996
24286965
24231241
23856779
18632611
12076
17793838
24286965
23636252
24279996
24015916
18286310
22174489
23519512
6467307
965
24015916
23280078
24286965
24286965
24286965
37229
23286902
24286965
12658839
24286965
24140826
5767
17722327
24286965
24286965
15700030
24286965
260
23932822
24286965
23794653
22414876
23239156
22771139
24286965
11764611
13295453
24266061
24286965
24259095
21737148
24231241
24286965
24286965
650
24224280
23157418
9491069
24231241
23286902
22919845
24106096
784
24286965
23232339
24286965
24140826
24279996
24057516
8950
7600
23334698
22374721
24140826
24259095
3011
4945450
23608758
13716359
23905156
24286965
24279996
23512654
24286965
19260447
24286965
24286965
20695032
5334
23856779
23988202
24224280
24286965
23636252
24273028
24286965
24286965
24286965
22784638
24286965
22933388
6254
24286965
24133878
1763
24126931
18250043
2466
24286965
24231241
22777888
15337965
24196446
24224280
23773962
5056
24286965
24286965
24286965
24286965
1211
24259095
24286965
23396222
23877506
24286965
24286965
23794653
6864986
24210361
24286965
1867439
22048143
21474220
24099153
24286965
24279996
24286965
17467271
24231241
24008986
23988202
22347971
21056866
24286965
23416748
24210361
24182535
24231241
1230
15426708
24286965
24008986
24057516
24106096
24029778
24286965
24252130
24259095
24286965
24286965
22879241
9074
24286965
24286965
23967427
24286965
37071
24266061
19124148
20669306
23856779
24196446
24286965
24008986
24286965
24286965
24286965
24099153
18334721
24279996
24126931
24286965
24286965
24273028
23150613
24286965
7997
24286965
706
24286965
24286965
24231241
24015916
7697
24286965
14591
24279996
24210361
121014
18286310
24286965
20380996
1935
24133878
24286965
3378
23382543
24286965
24286965
24286965
24273028
24286965
23560682
23870596
24286965
180
24259095
20368229
21585772
23225523
22879241
24273028
5856
19353645
22508711
22414876
22321238
24029778
24231241
24231241
8967261
24099153
23519513
22555701
16459789
15376764
24224280
24286965
23988202
24286965
21167330
24286965
77109
24140826
24286965
24245166
24015916
24196446
24286965
24231241
24147775
18419583
24273028
24286965
24231241
18153523
1481
24175581
24286965
20432105
15133745
23286902
17173019
24286965
24286965
24286965
24286965
24286965
14892672
24286965
7837
18262128
24078330
24286965
23698172
24106096
23608758
24286965
24286965
24286965
24286965
24286965
23946661
124080
23967427
24043645
24119985
22791389
24210361
24286965
1417
24286965
24175581
24286965
24286965
24286965
24224280
24273028
22656559
23457827
5522
24029778
24286965
5964
17173019
24057516
4300
19791574
20630747
24286965
14106653
21212894
20534509
23967427
24224280
11303768
23416748
23286902
13100259
23334698
14583278
23967427
24286965
24286965
24231241
22041503
24113040
24279996
24259095
24279996
24259095
22321238
20132770
1802
605
24231241
24279996
24231241
22919845
24175581
24286965
24286965
24286965
2926128
24279996
24286965
901
153577
24224280
20323577
24224280
5807024
24099153
24286965
19366090
24002057
24147775
21552932
15809
24286965
5730
20368229
23946661
24099153
13795041
24106096
24231241
23519513
24099153
24224280
24286965
11957
24286965
24036711
21882444
24286965
22933388
22301197
24057516
8298739
24286965
24182535
24286965
23089413
23988202
17817708
24126931
16968521
24286965
23636252
10943
24279996
24175581
24286965
17272784
24085270
24182535
24286965
23932822
24140826
24286965
24286965
24224280
24224280
24286965
1276
23048658
24286965
24286965
24147775
22818403
2434
1458
24231241
19766416
24286965
24279996
22710443
24279996
24273028
24147775
5154
24286965
24286965
8384488
18791664
24224280
22361344
24279996
24286965
24217320
24099153
24224280
17461360
21579202
24286965
22448366
24266061
24231241
24286965
22294519
24196446
24286965
5856
24015916
24099153
24286965
24286965
24286965
24286965
24286965
22771139
1954
20759417
13182269
24266061
23396222
24217320
24279996
23932822
16991837
24286965
14892672
24231241
19260447
24217320
24286965
24286965
23164224
24196446
23773962
17889413
21981
24245166
23884417
1837
5353268
649
24217320
24286965
24140826
19615807
24286965
24286965
393
24286965
24279996
24286965
24286965
23780858
24008986
3242
24286965
24286965
24231241
23863687
23925904
24106096
24286965
24286965
24043645
24015916
24147775
24029778
24286965
22616189
24286965
21415286
3387419
24231241
24286965
24286965
5966
24231241
9167279
24259095
24252130
24286965
24286965
24286965
23705057
22234462
9124523
24217320
24071391
16632348
23225523
22008318
18516812
24113040
23416748
24147775
24196446
24286965
24217320
22582575
1249
23048658
24286965
24266061
30791
24286965
24279996
33462
24266061
23478379
17841594
24231241
24273028
22953710
4976931
23130204
13177135
17793838
5446
23705057
24196446
23622503
19310129
24266061
21895676
24113040
191422
18736533
1230
20101056
24286965
22522131
6280
24286965
18889883
24266061
9074
24286965
24286965
22314557
24286965
24286965
24217320
18791664
167711
24273028
22368032
24286965
24071391
23205081
24279996
23611
24099153
12067298
24286965
18663145
23157418
24279996
24217320
1172147
23327867
24182535
3143
9657310
18419583
21024432
21310703
19397220
24008986
24231241
24286965
24224280
23946661
48336
16968521
21717373
16869632
24286965
24140826
22886006
24279996
22656559
24286965
24286965
24286965
24279996
22569136
23062239
7007
24147775
24286965
24286965
24286965
24286965
24279996
23877506
24266061
16482751
17038502
24279996
16736317
24286965
24217320
15947526
24273028
24286965
24286965
22858953
24286965
24286965
24266061
18437796
24286965
24286965
23150613
20914346
24245166
22008318
24245166
24273028
24286965
24286965
24286965
24286965
24286965
24286965
10698923
26
24210361
24175581
23478379
18926783
23767067
24286965
24286965
41
24126931
1928
24106096
23622503
21968529
24590
21232439
21789922
20714337
8462522
10245991
24286965
23856779
24273028
23856779
24286965
3465972
24043645
24196446
24286965
24175581
24279996
80326
23995129
24286965
24252130
23946661
19272864
24286965
22181149
7852932
16742103
24286965
24286965
24224280
3682
11337072
24286965
23478379
22764391
24175581
23636252
23089413
19310129
355
24266061
24286965
24196446
17556037
24286965
24140826
1164607
2595834
4305102
4887
24273028
24231241
1617
4305102
24286965
24099153
24286965
20605062
24286965
19835639
23925904
24099153
20907879
23856779
23905156
24286965
13100257
24286965
23478379
22804894
24286965
24175581
24273028
24140826
23967427
22663291
24245166
13753047
23636252
19210827
24286965
13800298
24071391
24133878
22582575
19204629
24154725
24286965
24286965
1211
24043645
24099153
5653
24259095
24273028
24210361
24273028
21796524
24147775
24259095
1244
24113040
23974351
24286965
96
22201134
16488493
24210361
24231241
3997
18785534
5425446
24279996
20752974
24259095
22582575
24273028
24286965
24224280
24286965
23912071
24273028
2853
21173837
9758633
24286965
24099153
24119985
23382543
24224280
23808452
24286965
23870596
24182535
24140826
527
24106096
15117245
24078330
5451802
2380
24286965
23409905
22401487
23974351
24286965
12488391
24210361
24099153
17038502
24231241
24224280
22434967
23396222
24286965
24286965
24099153
24286965
22913075
23932822
24286965
24286965
24224280
8205449
18712052
20336330
1682
23130204
17692573
666
18748777
24279996
15012982
24286965
23075824
24286965
23130204
24286965
24286965
827
23348363
24189490
24286965
1066
24196446
24231241
26674
24286965
22321238
24286965
23457827
1860
24224280
15930589
4654526
24279996
133816
23932822
21546367
24286965
24119985
20714337
3516049
22528843
24286965
24286965
2625483
24286965
24182535
20253507
24057516
24286965
18280262
24140826
24286965
52
21915533
24286965
17692573
24015916
24286965
24286965
23355197
21796524
24133878
24286965
24286965
15029426
3921212
22181149
22886006
24286965
24286965
2854124
1086
24217320
7118
17889413
701325
23396222
151620
23327867
22314557
24217320
17272784
24286965
8954
154269
10323142
232
24099153
24286965
24273028
23464677
24147775
24279996
24057516
24224280
24224280
24279996
24196446
3538
24279996
2896
24140826
22294519
24286965
22777888
8072
21942023
23123403
23967427
24154725
22818403
15789811
24057516
24286965
12175
6517860
18945245
24245166
24196446
23650005
18522898
24286965
24273028
24279996
21612061
4148126
24286965
24273028
24224280
19310129
4751
24036711
23636252
22569136
22791389
22744153
30
23650005
24245166
24002057
24266061
24140826
24286965
11346597
24231241
24286965
23286902
23519512
24252130
21265034
2417
22161172
24002057
24196446
24140826
20862638
14287797
24279996
24279996
4387
2829
24286965
24286965
17781910
24175581
24286965
22274491
24182535
4528
692
7856905
24085270
2930962
22791389
23286902
21167330
17361054
21704195
24286965
24279996
18803931
131
13784538
24196446
24196446
21618636
24279996
24286965
2757180
24196446
24286965
24231241
24286965
24217320
21598914
24286965
23794653
24286965
24286965
24043645
24286965
24286965
23967427
2923712
3740
24286965
24286965
24217320
10443
24008986
24286965
24099153
24286965
24266061
24210361
24286965
23684405
24266061
17361054
11954562
14827282
24217320
24231241
24279996
11979019
81921
3268908
23753280
22181149
24043645
24279996
26341
24286965
24133878
24279996
23225523
22301197
21546367
11142736
23355197
9609049
4168
24259095
24224280
22455067
8487217
24231241
23753280
24231241
24286965
7466
24286965
24286965
24175581
12658839
23382543
24231241
24286965
23130204
24279996
24286965
24286965
24266061
22234462
24286965
24210361
15672026
2724
9785161
24286965
24015916
24224280
19124148
24286965
2050809
24140826
23007940
24231241
16032346
139
24286965
21730555
24140826
23808452
14523953
24286965
5794
24279996
16459789
8462522
20869098
24231241
23485232
24196446
24189490
20798098
24008986
1248158
79816
20662877
8786304
21915533
24286965
24210361
1925
1004
24279996
19136519
23157418
24182535
24279996
7474
24286965
23130204
14058893
24286965
22502002
14592
24231241
44200
22804894
21047
7293155
23519512
22327920
24133878
24286965
2749
23055448
17437736
24286965
24286965
22321238
24175581
17437736
24099153
5040703
3363
24210361
10391408
3679350
24286965
24099153
19136519
24286965
24673
23773962
24286965
26620
24286965
23592
24140826
24252130
22074712
23856779
24266061
24189490
10902
23041869
24259095
24015916
24002057
24008986
393
3192706
24286965
24161676
24189490
2845
24196446
24279996
22845433
24266061
22622915
23960504
9701298
22181149
24140826
3479131
13177135
24119985
24147775
24286965
23988202
24266061
24245166
24286965
24286965
24196446
21942023
24286965
23877506
24252130
24279996
23946661
24140826
22670024
24196446
57327
6288856
13763538
24286965
23368868
23512654
24279996
24099153
8645
23870596
23588148
22301197
26296
24043645
21730555
24008986
23636252
6521470
24279996
23450978
19622071
24286965
4832894
18994511
2015
23829157
24238203
125449
24286965
24286965
20361847
24217320
22811648
23498941
24286965
24286965
24286965
23519512
17532343
24286965
24008986
24286965
23341530
3708
23334698
24286965
19260447
9257413
24231241
24286965
41171
24286965
23960504
24279996
21245474
24182535
24008986
24286965
2570769
24286965
24286965
24286965
24015916
13926642
24231241
24286965
22401487
21730555
24286965
24286965
23608758
22663291
24189490
40446
22034864
24279996
20196268
15371219
24273028
24279996
20785201
24286965
24286965
24273028
24259095
24224280
24231241
24286965
8994
1525
23884417
24286965
24203403
24286965
4873459
21579202
4819
24217320
24238203
4029
24286965
21526679
15018463
943
24286965
24286965
10160188
24279996
2399
22147859
24085270
21441466
24008986
24286965
21154319
7997
18632611
24286965
21408742
24106096
7991
3276580
16742103
24273028
24245166
24259095
24140826
24286965
5443
23286902
1407
17278671
24286965
840
24231241
24085270
24099153
2797
24286965
24210361
19000675
4599
24286965
24099153
21323762
24286965
17889413
1521941
23794653
24182535
24008986
24085270
23946661
23932822
24224280
24286965
24217320
1770
24273028
24189490
24286965
23698172
18994511
16742103
24286965
23048658
23988202
23007940
22201134
22886006
36544
19310129
24099153
24196446
48464
2724
19854538
24273028
24196446
23478379
24286965
6697
152757
24273028
24286965
23546955
3617368
24286965
17764024
24273028
24286965
24286965
24273028
20380996
15998391
24266061
8007
4423188
24196446
24286965
24259095
24259095
24231241
24252130
24286965
24286965
23327867
4774063
24210361
24224280
20419322
24286965
24085270
22825159
21704195
24286965
24273028
22434967
24238203
23526372
22201134
23130204
24196446
307
24286965
22886006
24224280
24273028
24231241
24099153
23932822
24286965
24286965
24286965
16846407
23870596
24286965
24286965
21222
24286965
23089413
19923918
24286965
23773962
1936
3669
24231241
19647136
24286965
24175581
23953582
24099153
971
396
2625483
24286965
24279996
20637171
21408742
24029778
20579393
23794653
24286965
22946935
24008986
4098
13100259
17096920
13674493
24196446
24286965
21552932
1044
4382
1937789
24231241
24085270
16043673
21737148
15789811
24286965
24217320
23601887
24147775
24099153
16214025
24286965
23048658
16436844
24099153
24224280
24140826
23636252
15144750
24286965
24286965
157412
24286965
378
24286965
24279996
23863687
10542299
24286965
24286965
24196446
23656883
18383194
19260447
23601887
24099153
24224280
146
24286965
23498941
18021218
19528229
17501
24196446
96
24273028
24279996
19285282
24279996
24286965
24196446
23925904
24286965
24279996
23767067
2345
24286965
13177135
19260447
22455067
22241131
24140826
24147775
21968529
1051
24099153
24286965
18334721
23780858
20012388
24286965
18425653
22401487
24231241
21671265
24286965
3788445
24175581
24126931
23574413
11133298
24286965
15343509
22757644
24133878
15981429
24279996
23974351
24196446
567
23130204
23946661
24217320
24286965
24140826
6531
21915533
24286965
17532346
24175581
40748
13606594
19672217
24099153
120076
24099153
2516
16997667
24286965
24224280
24175581
24002057
10350428
5718817
24286965
7038
24279996
24286965
24286965
24043645
24286965
3432
24286965
24286965
24286965
707
20380996
24286965
24196446
4302169
24217320
21579202
24286965
24286965
22401487
24286965
129
24231241
267
24286965
8544991
23608758
24099153
24210361
23464677
2757180
24286965
23711943
18571621
24273028
24273028
11086143
4314
16282418
7840
24231241
13259
24231241
22582575
15536
24273028
24286965
24286965
22791389
151527
24168628
24286965
827
24279996
8645
23753280
3028525
24217320
34369
4910932
24286965
24286965
16140091
24168628
24273028
24015916
24196446
24175581
23048658
18810064
24106096
86368
24286965
24099153
23960504
24099153
24099153
24279996
23048658
21441466
18589911
23988202
24085270
20438498
6627
23932822
24286965
6673719
3952015
24286965
23946661
24699
24036711
24279996
24286965
22008318
24147775
24286965
24286965
24085270
1080
16299544
22744153
23856779
24286965
24266061
24085270
24210361
21849379
45073
24140826
24106096
24279996
24286965
24286965
23157418
23636252
23191458
23753280
23130204
6864986
54
15629
16459789
9582768
24175581
5297734
8967261
11764
23348363
23787755
24231241
24286965
24286965
24286965
18803931
17985217
24286965
24224280
23546955
17532343
22368032
24286965
4160
19766416
23836061
24286965
24286965
22663291
3371837
17496834
1040
24286965
5544680
3682
21167330
24259095
10350428
24147775
24231241
24217320
24286965
3921212
21056866
24133878
24126931
24286965
904
24286965
24196446
22717183
24252130
5042
23478379
24231241
24196446
22327920
24273028
24182535
21789922
24286965
24099153
24286965
23512654
24106096
6765
13753047
13784538
24286965
24029778
23123403
40142
14287797
11086143
16145773
24043645
24266061
24259095
15558
24286965
2625483
24286965
24266061
22879241
24008986
24113040
24231241
24231241
13102
24224280
23705057
24099153
17764024
24286965
4908
23939741
24224280
23286902
24286965
24279996
23718830
616
24238203
24286965
24286965
23718830
24231241
24217320
24286965
8433722
3442286
24231241
24286965
22301197
24140826
20540918
7695393
20234418
24196446
8992681
24286965
3138
13305768
22528844
8048297
22723924
24286965
24196446
11303768
24008986
23636252
24286965
24279996
21454565
24286965
24119985
24217320
48
18021218
24286965
17853543
24286965
4340375
23512654
24286965
24286965
22791389
22683493
23898242
21232439
23478379
23870596
24286965
23856779
21415286
23946661
24099153
24286965
21526679
24286965
23615630
24085270
23753280
24140826
23130204
20323577
24015916
24099153
22858953
24286965
6557589
24286965
19622071
23608758
20406544
24286965
20849722
24286965
9192988
24106096
24286965
24231241
12190393
24196446
17278671
21147815
24286965
24286965
14952764
23773962
24217320
24133878
18602107
23753280
23327867
24279996
24196446
4423190
11152178
16162825
24140826
24196446
23157418
24043645
117844
21063356
24286965
22784638
23953582
24286965
24259095
24286965
24231241
24286965
4191425
7900561
24085270
24224280
24286965
8786304
24259095
20720774
22374721
24286965
24273028
24286965
23007940
23286902
24266061
22609464
24231241
21212894
17202332
165
24175581
23773962
24286965
23457827
23773962
24182535
23157418
24217320
23939741
21232439
21520
20336330
24231241
7600
24286965
24106096
24182535
23718830
24231241
24286965
24286965
22461769
24099153
24119985
2887572
24099153
24286965
24231241
134523
5451802
24119985
19993414
3993
1666
24189490
1057
24196446
24286965
20810999
24140826
23967427
24286965
16632348
24286965
23321037
24286965
117953
24210361
16968521
24175581
24154725
21684435
4476
24286965
24196446
24106096
904
20810999
11384732
15260516
24008986
24133878
22670024
24002057
24224280
24231241
17361054
24147775
14277107
20380996
24286965
24286965
23946661
24238203
8209
2370
24286965
24286965
24279996
23698172
23773962
24147775
24286965
23856779
24231241
23967427
23348363
23
6431404
24224280
24092211
12309154
14037691
24286965
24231241
24175581
9457
24286965
24029778
24286965
136566
24286965
15310286
22994375
24286965
24286965
24175581
24286965
21981788
24273028
22791389
17467271
24279996
23157418
24119985
24286965
24286965
24286965
24210361
24273028
13523280
24286965
24286965
18280262
24175581
21605487
4302169
19490754
23960504
18896030
19397220
24286965
23967427
24286965
24286965
24286965
24154725
24057516
24217320
24106096
23416748
23232339
24106096
1785
14887215
994
153550
3518703
24259095
134196
24126931
23355197
24015916
24286965
24286965
19310129
22784638
24286965
24133878
24286965
24286965
8594681
4506
4302169
24175581
23636252
24196446
24286965
23725718
24286965
24286965
24279996
23794653
24224280
24057516
24259095
23988202
24099153
24008986
20432105
24196446
2909218
24286965
23348363
9486712
14470117
24133878
23157418
17173018
24286965
23075824
24266061
24196446
18583812
23946661
161
24286965
24266061
24286965
24286965
24273028
24286965
7171446
24286965
24286965
24286965
24286965
24286965
5533
1447
24279996
24099153
79816
24279996
22368032
24286965
24286965
24279996
17167158
83104
17589
24106096
21245474
24286965
8302816
28309
24286965
23946661
24286965
16459789
24015916
24259095
23946661
17997213
24286965
24099153
24286965
24099153
22287842
39
24286965
24168628
24286965
23794653
24279996
20534509
24189490
24286965
24273028
24286965
23533232
137026
2666
79785
23836061
24286965
18516812
22629642
24286965
24266061
22886006
24286965
23519512
22041503
22421572
24286965
22723924
24147775
23711943
15964473
23856779
12343902
24286965
23327867
23157418
24286965
23932822
24002057
23932822
17366947
472
24286965
24196446
23423592
21975158
1450
23705057
24119985
23512654
24224280
24106096
15672026
17479093
23540093
18262128
22388102
24196446
2440
16208331
12304193
18292358
24182535
24286965
23157418
2380
24182535
21173837
24279996
12488391
24279996
9150167
20476875
19099419
7129851
4305102
21862602
21147815
23677523
16962696
15343505
24286965
24279996
6705
24196446
23946661
24286965
24286965
15271579
21908913
18371069
24175581
24252130
17278671
3442338
1442
23327867
24210361
23601887
2204955
24196446
24286965
24286965
21134810
23574413
24273028
24286965
11128574
22845433
24008986
24286965
5050228
24286965
24008986
22048143
24043645
796
22879241
24286965
24231241
138317
2248
24273028
24279996
24286965
24043645
24196446
15426708
24266061
21803127
154958
23205081
7127
17710423
23232339
24286965
24279996
23780858
23794653
24286965
23608758
24217320
24279996
24286965
24189490
24266061
2510065
24286965
24231241
18736529
23773962
23856779
4606
20042
24286965
24245166
24286965
23581280
24126931
23856779
24231241
22461769
24286965
24106096
1768
21474220
81958
24099153
16736317
355
22582575
20695032
24196446
24182535
24015916
24286965
1080
24273028
24286965
6564851
14507789
24175581
24015916
22301197
24286965
23348363
22301197
23967427
24210361
22818403
24286965
16742103
22622915
24266061
6442165
24286965
24273028
24286965
24008986
24286965
22933388
24224280
24286965
22455067
23382543
22804894
23650005
24189490
24182535
22663291
24147775
24286965
23321037
8144837
15133745
24286965
24286965
24140826
20228057
24286965
24286965
24286965
4009
18589911
24175581
504748
4381726
24286965
24224280
24043645
24147775
24085270
24245166
23048658
24279996
24286965
23512654
19375
21506999
24286965
24196446
908
24286965
9145890
23773962
24231241
20196268
1220
24273028
24286965
20132770
24286965
24175581
24286965
114740
24273028
79684
24279996
19000675
23286902
24196446
22502002
24286965
24286965
23711943
24231241
20830355
24266061
24217320
82778
22845433
23794653
6824321
24286965
24286965
19911292
24279996
18365008
491
16805810
22461769
18681477
24286965
18902178
24231241
39
24140826
22127898
20050365
24231241
24286965
24196446
24224280
22234462
23960504
2460
24140826
24286965
24286965
23946661
23130204
24286965
23801552
24286965
24286965
24231241
19823044
24286965
3996
24286965
19993414
15700030
24196446
13800298
24057516
22321238
24196446
23988202
24106096
24286965
21869215
23787755
23829157
24099153
5333619
24231241
24286965
24126931
24286965
24286965
23995129
24266061
5059761
11088
24286965
22656559
24224280
24286965
10267
19310129
21056866
257
22771139
13601378
21915533
24286965
24286965
24286965
11039
24043645
24217320
14165139
18705935
22307876
23739497
1004
24210361
24286965
22508711
22475176
24286965
114474
22818403
24286965
24259095
23870596
24196446
24182535
24231241
24175581
21330293
24286965
24273028
24286965
15227389
24279996
24286965
23698172
24175581
4090
480
23739497
746
24245166
24286965
18681477
22361344
24286965
134523
20451286
23130204
24217320
7833127
24286965
17645022
24043645
19310129
68
24286965
24210361
11299014
24099153
24286965
24286965
24286965
23967427
13192540
24286965
22879241
13182269
18462094
23773962
24224280
24286965
21776721
24286965
24196446
24279996
24196446
24196446
24238203
24231241
18699819
17764024
24099153
4331
24259095
24273028
86427
24279996
24286965
24286965
4339
4842221
24286965
24175581
24273028
19691038
20012388
133834
531
22649828
23870596
18383194
24126931
20272604
24266061
114812
24286965
1351620
24286965
6784
24286965
24286965
24175581
9356626
7670
5310780
24099153
24286965
24286965
10318
24286965
15133745
19200
23512654
24071391
24286965
18736529
16419649
24286965
138302
24099153
24286965
547
24099153
24043645
24224280
1249
24210361
24286965
15953174
24259095
24182535
23946661
5618
24273028
24286965
23546955
21546367
23622503
24286965
24252130
21330293
2516
24279996
24279996
5184580
24231241
24266061
24286965
23581280
10169205
9356626
24071391
11967
24168628
23581280
24182535
1572
23829157
24286965
24147775
24119985
24231241
24224280
23636252
9794010
23430437
24147775
12177
23130204
137026
24279996
24210361
224
24252130
22294519
23225523
24196446
24168628
806
10345871
10759135
24043645
24286965
22582575
21585772
24286965
24286965
15700030
23932822
24286965
24231241
23773962
23409905
24008986
24126931
23963
24106096
24286965
22811648
21050377
24286965
22582575
24140826
18810064
24286965
3622
24286965
2286
24286965
23327867
24015916
16916130
24286965
21604
21942023
6044341
21585772
24286965
24245166
24286965
22088002
23856779
21278078
1668
24140826
24286965
24036711
1899
24279996
3785695
474
9959
24286965
24286965
26901
21089325
24286965
24196446
24286965
24099153
24286965
21063356
24286965
16482751
24286965
23732607
24286965
24286965
24099153
23130204
24273028
24279996
1144
17979220
23116603
24140826
24189490
20361847
24210361
7948333
22569136
22886006
24231241
20253507
22791389
24286965
353
24286965
15953174
24182535
20266237
24133878
24008986
23960504
24245166
24217320
3442336
24273028
23967427
138317
14876304
9984
24210361
24286965
16962696
24008986
1833
3353672
24217320
24231241
24286965
24140826
5627994
24113040
24286965
23794653
24161676
24279996
24286965
21631789
24279996
24189490
19804159
24043645
3683
19728709
23912071
22886006
23089413
24196446
22327920
23946661
24286965
24286965
24286965
24266061
24217320
18021218
24259095
23856779
24099153
24286965
23794653
24279996
4438
6557607
24266061
949
24279996
24231241
24043645
19622071
433
24286965
24099153
24168628
76980
24286965
24119985
23430437
24224280
22074712
22175
17155441
23505797
24286965
21154319
11643736
21219408
24286965
22368032
16038009
24279996
23753280
24286965
23656883
16214025
4599
23409905
3390028
24217320
24133878
77490
24196446
23946661
1780
18902178
24279996
24286965
24224280
21082831
8060336
13177135
24043645
24286965
22723924
24106096
24286965
24286965
16632348
16157140
22475176
10597430
24231241
23856779
23546955
5995713
24140826
24286965
24286965
24279996
24231241
24224280
22609464
5181
24175581
24286965
23416748
24286965
24286965
24182535
24286965
24286965
16921947
17591604
24029778
968
24273028
11303768
24286965
16962696
14881759
24196446
18669255
24286965
274085
23430437
24182535
24273028
23967427
22582575
23519512
24286965
23932822
24286965
860
24217320
24224280
24286965
24279996
15784192
20336330
24224280
15851676
22307876
24057516
21154319
10878
24099153
24286965
24217320
24286965
22744153
24266061
24286965
24133878
24231241
22825159
10417
24286965
21895676
24245166
22041503
23753280
24133878
24286965
2040610
24189490
6414
24147775
24196446
23546955
24231241
23739497
23348363
24266061
24279996
21579202
1306
24078330
24231241
23739497
83748
93
23932822
24266061
24286965
24286965
24286965
13669264
24106096
17173018
21737148
26547
23842966
24286965
24182535
23444130
24224280
15315820
22528844
23327867
11974125
17627205
24286965
23856779
24279996
392
83104
387
18510727
24266061
9486710
22582575
17621268
20202624
24154725
22670024
24286965
23711943
24273028
4144
24196446
24036711
134196
24279996
24217320
24196446
23773962
24286965
24196446
24286965
23932822
23389382
24286965
24057516
17402322
15750500
22428269
24043645
5040703
23519512
24286965
5990
966
24196446
23300553
24279996
24210361
10910
24286965
24266061
21037402
19867143
24245166
24286965
24286965
2641506
24286965
24106096
24286965
22455067
24259095
24238203
22508711
17532346
2642
20037702
24286965
22201134
22946935
24279996
24175581
24140826
1304
23636252
24286965
671
24224280
24231241
23856779
24196446
2623186
24286965
22334603
24286965
24286965
13511
8068367
24286965
23967427
23622503
13100255
20688599
21232439
24286965
24266061
24259095
23423592
24286965
1787
21024432
24279996
20920814
9931653
24286965
24286965
21789922
23355197
2773
24266061
13486908
24286965
4910
24106096
24286965
1035
24224280
24286965
23416748
24224280
24286965
24224280
23932822
24286965
9094636
22879241
24217320
22522131
8072
24231241
20849722
24286965
21928776
134218
24196446
22475176
24279996
14523953
24210361
8173095
29
24286965
23546955
20560151
24196446
24182535
24196446
24286965
22575855
798
24286965
24106096
24182535
24286965
23519513
1659
9257413
24196446
8912312
24279996
24259095
24286965
2484
17496834
23464677
24133878
23540093
24175581
19540729
14876304
24286965
24279996
24286965
20675736
24224280
23877506
24286965
24279996
4525
24286965
20393769
23698172
24140826
24266061
23457827
2380
24099153
5380
19691038
23416748
24210361
24092211
23123403
24286965
10824159
15526819
23211894
7352
20979067
21948648
24002057
24273028
21454565
22616189
24286965
23574413
13100255
24286965
24286965
24224280
23718830
23636252
24196446
24286965
24231241
24286965
9794010
24245166
24224280
24286965
16356682
24231241
23519512
2823
13176
1591
17214064
22946935
24286965
140188
24286965
24266061
24286965
24252130
17645022
23932822
15750500
24238203
18736529
24279996
24196446
6557607
24196446
16408190
23123403
24008986
22879241
2510
24286965
24286965
3157393
23946661
24099153
8290594
24286965
24182535
31126
24259095
21265034
24252130
1410
24286965
24286965
1040
22181149
14048290
24286965
7698
24036711
17498
13100255
23912071
24036711
4420212
24286965
23327867
20979067
24015916
24286965
24057516
133836
24286965
24279996
24279996
24140826
4029
11929
23925904
24286965
23932822
817
24147775
13274841
17710423
1231
20656449
24210361
22522131
24279996
23946661
24286965
15243948
22670024
14980130
22014953
24279996
21704195
24140826
24286965
24008986
21474220
24286965
22481881
24286965
24286965
24231241
23498941
23007940
24224280
24279996
24196446
24286965
24099153
24279996
13570104
24196446
10299
23905156
17284550
24099153
17847568
23856779
24175581
22181149
9626588
24286965
274
21730555
3442336
24279996
23327867
24286965
5154
24286965
24133878
3960472
24273028
24231241
24286965
24266061
24286965
24015916
4672856
2209178
24140826
23870596
24266061
21076338
24286965
24008986
24175581
22428269
24286965
13202815
3387425
23430437
37
24286965
24286965
16083334
22764391
21579202
528
23636252
23423592
23540093
1047
23856779
23967427
24231241
24286965
23266433
23457827
24224280
24286965
24286965
22368032
19130333
21968529
24286965
4300
10796277
24224280
22811648
24286965
14887215
104526
6667
22508711
24238203
23656883
2093
23967427
24286965
24113040
24286965
24231241
631
14159817
24133878
17044340
24286965
23450978
21219408
23856779
18658
24224280
23382543
24099153
88784
14058893
10350428
24210361
9958404
24113040
23856779
2780704
23925904
24286965
24099153
24217320
22301197
24126931
24099153
24099153
4235
24231241
24279996
19879752
24279996
24286965
22656559
23656883
2382
2794
144
24189490
24043645
23266433
5215
24015916
23705057
23157418
24286965
23932822
41297
24231241
24196446
24286965
23389382
24099153
24273028
23856779
23636252
22953710
24210361
6186
9808
24286965
24279996
24015916
24245166
5112
24286965
18280262
10205308
24224280
24279996
23286902
24210361
22127898
21717373
2613
17261
24279996
16436844
23705057
23988202
24279996
24286965
24279996
24279996
569
19124148
21618636
24210361
19248036
23137006
4299238
8825
20228057
24085270
24286965
24286965
12343902
22582575
11303768
24279996
21968
24008986
22946935
821
24286965
24279996
23946661
18510727
24286965
20656449
24008986
24279996
24279996
24286965
23225523
24279996
24286965
20380996
24279996
23974351
24286965
24286965
22555701
23856779
24286965
22845433
24286965
2645
24286965
10685051
22879241
24273028
24286965
24273028
5040703
3960472
18650929
20215338
24231241
24015916
6746986
20985545
24196446
20278972
24286965
24231241
24078330
24286965
24286965
24231241
23416748
23280078
15012982
24286965
24286965
10880
24071391
12663872
24286965
9357
24286965
24286965
23960504
23211894
22201134
24231241
21454565
22528844
7900561
24259095
2593504
24286965
24259095
24286965
24286965
16162825
24286965
26553
24182535
23698172
24286965
10267
24286965
24231241
23863687
22596017
22582575
6572097
24273028
24099153
22913075
24196446
24106096
24605
24231241
23595017
24196446
17758064
24036711
24286965
138161
18957558
24217320
24286965
24126931
24279996
35604
24259095
23055448
24286965
24133878
24085270
11743
24140826
24286965
24196446
17202332
22448366
344
21154319
24286965
24231241
10312
22021589
22321238
24273028
24266061
24286965
24210361
24286965
23953582
14658977
24279996
34807
24286965
23753280
23389382
24231241
24099153
24286965
24099153
24286965
24286965
13511
20920814
19123
18099340
22582575
18889883
24147775
24140826
24126931
24286965
24029778
23995129
24196446
24286965
24286965
24286965
24036711
175611
24279996
24286965
1195462
2050809
24231241
24106096
24147775
24279996
23946661
20637171
24196446
24279996
11552330
24182535
21796524
3993
9394
23698172
24286965
24196446
2042666
22314556
23567547
2015
24106096
19310129
24286965
23286902
23464677
24231241
472
23856779
24286965
24099153
24273028
22327920
24175581
23698172
7352
24286965
24043645
23327867
24286965
24273028
22036
17979220
24286965
24279996
24259095
23041869
20592226
24273028
2898
4097
24259095
24231241
1860
24286965
24196446
2390
24286965
24273028
24279996
24286965
23856779
11213621
24286965
24286965
24119985
24050580
24286965
24286965
24286965
19155
16202638
23280078
24286965
24286965
24259095
24036711
24286965
24286965
21882444
18021218
24231241
13530
24252130
23739497
24279996
22656559
24286965
23739497
24279996
24273028
24119985
24224280
24286965
24140826
24231241
24266061
23815353
23348363
24217320
24196446
22175
24043645
23953582
24286965
23218708
728
23123403
21063356
24286965
24175581
24286965
898
24043645
20592226
8542
24015916
22327920
30785
24279996
24008986
24182535
22175
24015916
22946935
24286965
24196446
24106096
24279996
22234462
15851676
151520
24245166
24210361
24286965
18250043
24286965
1754
24286965
24231241
24279996
3355
24140826
23150613
22301197
10533119
1266
24286965
24286965
24286965
24286965
23300553
22663291
16591998
24224280
10685051
24224280
24279996
15227389
17985217
23348363
22784638
24133878
24106096
24133878
24008986
24140826
24286965
17532343
24279996
17979220
24286965
23464677
5154
24196446
24231241
24203403
22946935
19867143
24140826
23946661
7194192
24210361
24231241
23650005
24008986
24286965
23946661
24286965
24286965
11337072
18834606
20483275
24286965
24252130
24231241
23498941
21803127
24279996
24286965
24279996
24140826
260259
24154725
24099153
23075824
24231241
16939406
24266061
38402
23519512
2306478
24286965
24252130
1499
23863687
23946661
24175581
24286965
24286965
22845433
24286965
23960504
2473
21154319
24015916
22448366
24196446
17296310
22980814
24279996
24182535
24286965
24231241
21618636
24286965
11832641
1941723
24245166
22254472
24217320
23450978
24015916
24273028
16339529
24231241
24286965
24002057
23925904
24279996
24286965
24286965
24286965
17949249
3266295
24286965
24210361
24286965
24231241
24286965
24266061
24224280
24286965
2123896
24015916
23526372
6549
23075824
6739643
405
24217320
22528844
24279996
24133878
1668
11954560
24286965
24286965
13753047
23622503
24231241
22744153
24286965
225289
8528459
24286965
6570
22048143
24286965
24196446
24140826
15238427
24008986
24286965
24231241
24106096
20317202
19173654
14870850
24279996
6591
23960504
24099153
23946661
24196446
24286965
2473
24008986
24279996
24279996
24245166
24286965
24259095
24286965
24286965
24286965
24273028
24286965
22602740
17402322
24106096
24286965
21546367
4076
24286965
30791
23416748
24286965
23780858
24286965
24286965
23622503
22448366
24182535
23526372
24286965
14686061
13926642
1351628
19797866
24106096
23001157
23622503
13362566
23069031
22784638
23946661
1213
24286965
22508711
1800
24279996
24286965
24286965
24231241
2204955
24286965
23636252
24099153
20547328
24099153
24286965
22448366
1768
5353224
151520
22913075
23939741
24182535
24286965
22771139
22522131
24279996
24050580
21803127
24286965
24286965
22710443
24099153
15772957
24279996
23396222
16459789
24286965
16413919
24279996
7171446
24002057
24015916
23636252
24147775
21128309
22408181
23967427
24161676
24224280
23409905
22723924
23967427
21382576
22629642
24286965
23519512
30799
24203403
24196446
22234462
10258
23164224
174
11638906
2611766
40908
24286965
24286965
24057516
1144
2020
24099153
24266061
22858953
22582575
1609
24279996
24286965
24231241
24231241
24286965
24286965
23239156
24286965
5262026
9674893
24008986
23932822
18510727
20253507
24279996
24008986
110876
24286965
24008986
1837
24286965
24106096
24286965
24099153
23718830
19879752
20432105
22818403
24279996
24286965
7466
23334698
21579202
23341530
24279996
7738
23988202
3695628
24286965
24286965
24273028
3138
24154725
17877452
24286965
23898242
24210361
24286965
93
82572
14277107
22629642
23444130
24106096
24182535
3146
22502002
6924
19310129
24099153
24286965
22879241
10861407
20515289
23967427
24196446
3023610
24238203
24286965
23123403
20560151
23457827
24279996
22241131
24196446
24286965
24203403
24286965
24231241
24140826
24279996
23636252
24113040
24286965
23560682
21154319
24279996
24252130
24286965
24286965
24286965
24154725
24286965
24279996
24286965
19272864
24279996
23293727
22804894
175611
24286965
24279996
23905156
24286965
24279996
24133878
6648
20695032
23355197
24286965
24286965
24231241
22428269
23048658
21415286
24286965
23773962
24259095
24175581
24286965
23028294
23946661
18785534
24106096
24286965
24286965
24286965
24286965
23974351
24286965
17556037
22074712
22629642
3011327
12180516
24140826
12835460
24224280
24140826
24210361
24099153
24231241
3708
22555701
23967427
24266061
15012982
3018698
22021589
24168628
11337072
24133878
23650005
24286965
24099153
24286965
24106096
20605062
4783332
3386
24286965
24119985
24140826
24286965
3058
48460
24231241
24266061
23286902
24279996
24286965
24286965
24286965
17841594
23608758
24273028
24286965
24147775
17841594
24286965
20037702
23877506
10880
22717183
22274491
14969171
16805810
24286965
24266061
22334603
23711943
18274216
20380996
8388583
24008986
24286965
24286965
3912783
285
24224280
24231241
19898673
17639082
17621268
23368868
20094716
12179
10490
22777888
22414876
24043645
22784638
24286965
24210361
24210361
23946661
20012388
13606594
24279996
8761188
24286965
12299233
24279996
17532346
24119985
24217320
14352011
11920364
21220
23382543
24279996
24279996
18712052
24286965
23519512
24224280
24286965
22201134
24224280
24147775
18516812
24189490
22845433
24175581
23048658
17313956
24286965
22041503
23028294
24196446
24286965
24224280
24147775
24252130
24196446
24279996
24286965
23048658
24286965
24196446
24085270
24286965
16632348
23130204
3279138
24196446
24286965
24196446
15700030
24245166
24029778
24126931
616
22879241
15677625
24217320
5159
7399
18419583
20605062
24252130
24231241
23526372
18736529
19578250
24217320
11128574
24224280
24286965
24286965
23636252
23609
22609464
23856779
22201134
24286965
22421572
24279996
24286965
2519
24279996
24043645
24182535
21526679
3667
24286965
24182535
24286965
24286965
24286965
7129851
24286965
17573815
24273028
23519513
4144
23089413
23967427
12952254
24279996
24196446
13205
15700030
24273028
37073
24099153
24231241
24286965
24279996
24286965
22455067
23150613
23266433
24196446
24147775
2247114
24140826
23753280
22818403
24154725
24286965
1387
23946661
22174489
24273028
24008986
1848
24286965
24286965
23794653
6313696
24286965
24231241
4507
125449
22804894
24273028
24099153
24140826
24286965
20031372
24266061
24245166
24231241
19835639
24217320
24279996
23123403
24279996
4529
22771139
24286965
11294260
24286965
24286965
22933388
3008
24286965
24133878
24286965
23698172
24182535
12618644
24286965
24266061
19310129
7035989
18736529
24224280
24078330
24286965
6481704
23960504
23974351
24286965
24008986
24286965
6765
3355
24008986
24231241
24231241
24217320
18908327
23932822
11891085
23622503
23877506
24286965
22107946
24057516
16208331
24140826
24279996
6197
24196446
17272784
22784638
23773962
14523953
24224280
23519512
16282419
22946935
9592
24099153
16939406
24286965
24085270
6630
12066
24286965
21704195
24252130
23974351
24286965
23334698
24286965
14772874
12488391
24099153
12028028
24057516
24286965
24196446
24099153
19124148
11542720
24147775
22994375
22448366
24126931
24286965
24286965
24266061
4945450
24099153
24140826
24189490
23960504
23069031
24210361
2595834
1199
23932822
24266061
18535072
10446193
24286965
24210361
24210361
9063
24279996
22021589
22879241
24286965
12343902
21975158
24286965
23636252
15238427
24106096
19634602
20215338
4167
22980814
22777888
760
22508711
24106096
24106096
23409905
22301197
24140826
10025
23014724
24286965
24217320
23444130
24175581
10258
24217320
724
24286965
24286965
24286965
24286965
24126931
20215338
19571993
23974351
23636252
19136519
23787755
24286965
24231241
1901
5191034
24196446
24224280
24286965
24231241
24133878
22528844
24182535
23718830
24085270
23925904
24099153
24224280
24259095
23608758
24286965
125449
11270495
24286965
11969232
12835445
24008986
24286965
22368032
21704195
24259095
16408190
24286965
24286965
24279996
24286965
21095820
13182269
24259095
24279996
4346269
24099153
22502002
23967427
24286965
24106096
24266061
24286965
24266061
19248036
320
22777888
17811739
24286965
24182535
22448366
24286965
24286965
11384732
23967427
17173019
15744888
24099153
24286965
12195331
24286965
6667
2472
24196446
21803127
24008986
24286965
24015916
24286965
24231241
24140826
3921212
4123
24099153
5885670
2878
5139613
20432105
24196446
24279996
24231241
24099153
24106096
24286965
10525
23232339
10151175
10323142
23753280
24224280
22461769
3708
1937790
24279996
23780858
20946695
138242
23877506
21878
24286965
24286965
24196446
24286965
24286965
24286965
24043645
24286965
24286965
22784638
24224280
397
23014724
374
24279996
23409905
23705057
24286965
24279996
24008986
24286965
22575855
23960504
24286965
23089413
24286965
5075677
24126931
24286965
24286965
24286965
24286965
24099153
24259095
21389116
18377131
24286965
24099153
24286965
24286965
24140826
18853023
24043645
24286965
23327867
10171
24286965
24217320
23089413
24231241
24286965
24140826
19665945
24286965
799
24279996
24286965
23801552
24071391
23856779
23767067
24286965
20432105
24286965
377
16684291
29
24286965
24043645
24245166
23698172
24057516
22602740
22818403
21454565
24286965
24126931
24286965
24286965
1248158
24036711
23946661
24286965
24286965
24286965
10169205
24286965
24286965
23035081
24286965
24043645
24266061
23650005
1928
23334698
22953710
13753047
18310508
16805810
24279996
23266433
24099153
24279996
24279996
21730555
24182535
24196446
24133878
1515
23157418
24099153
24196446
24140826
18748777
24279996
24286965
24238203
24113040
24196446
24286965
21199869
24224280
24286965
24015916
24231241
24286965
21730555
24286965
24273028
24286965
24099153
19540729
24147775
5943
24286965
21154319
23953582
4584631
20483275
24286965
22374721
3682
23974351
3348
16742103
22088002
24043645
24286965
24286965
24154725
2886
24210361
10119666
24231241
19797866
23856779
23932822
5974906
24279996
23286902
19835639
24286965
24279996
19099419
24147775
33414
24286965
24286965
24286965
22791389
15964473
24286965
23629377
21154319
24279996
21704195
24286965
22777888
24196446
9674893
2573096
23829157
24286965
24175581
22926616
106
24286965
24286965
23608758
24286965
18957558
24286965
18736533
24286965
24286965
16615050
20920814
17361054
3390029
17532346
12568465
990
23995129
6737
24231241
20285341
8441968
22147859
16632348
20419322
24168628
23932822
24036711
4243704
22946935
5966
18105357
24286965
24286965
17532343
24196446
20228057
24286965
1204638
10353
3655
24286965
5062941
24286965
24286965
24217320
20560151
20662877
2038585
23444130
24133878
24286965
24286965
3954
6570
23048658
19440844
21530
7927
24133878
22804894
24119985
22879241
24286965
15133745
24008986
249
24106096
10878
19816748
19310129
11812
24008986
24286965
24078330
21975158
449
22596017
24286965
24286965
24286965
22784638
24057516
16742103
24286965
24113040
24085270
24231241
24279996
24286965
24266061
15487843
24245166
4313
24286965
24140826
24196446
22068068
24286965
21074
24286965
24286965
19204629
23794653
24286965
24210361
23794653
23856779
24279996
24210361
24286965
20985545
24286965
24286965
23898242
16736317
24286965
23581280
24279996
22602740
24147775
7352
24279996
24231241
23960504
3157393
11967
17313956
23953582
24286965
22663291
23988202
20075702
972
8048297
22281166
22522131
23925904
23946661
24286965
24279996
24210361
20145463
17467271
12205219
24279996
23988202
24286965
48460
2797
24286965
23130204
24279996
24224280
24286965
24279996
24286965
24231241
22448366
24273028
17967229
13826577
21074
23946661
16236805
7312265
1401
24245166
24286965
4578581
24266061
24133878
24106096
5223253
24286965
24286965
24147775
24286965
17627205
24210361
24008986
23794653
24273028
24286965
24126931
1907
24286965
24099153
24099153
23041869
9218730
24286965
24196446
24286965
24057516
7213166
24266061
24245166
24286965
24099153
24286965
23960504
24286965
24279996
22919845
24015916
24286965
24286965
24224280
7625
24286965
20483275
471
23048658
24231241
23698172
24210361
24140826
12338934
24099153
23069031
23416748
1596
24231241
24266061
23849872
24147775
24286965
24113040
24279996
14368088
24217320
2044738
24126931
24286965
20380996
20656449
24286965
21004982
24286965
6737
24279996
24286965
24286965
19415910
