23041873
21829555
2473628
22940159
7770268
22663292
22281171
23082622
17102734
19282
1175
2429
22061425
23218712
17237507
2762
275
23796
20817418
22892769
23198273
22081357
22838669
20540887
7167895
18865267
9262
19291457
2150
20355437
14303896
7259
19782
15365682
7984579
1502183
11721131
2787
22750897
23089417
22730668
22121247
7658
19068507
3673
22596017
21212880
21467665
22825154
17325671
9227292
2438
17237507
21506999
4231800
2689
1963
10630
3437
1248
2438
20432076
21349884
4123993
8794499
19216998
22717185
7430
1895
22811644
1178
9059
1528573
18791631
2772248
16362376
20733620
16055032
10007508
111
22616189
22428270
4018792
19068507
22946933
18902142
17091039
21376030
14794643
2495
715027
17931219
8163
961
5418
17370
22569133
703
8794499
11218297
2985
28952
21552932
13523353
5887979
21428369
23137010
18177581
19384738
21186835
6521
107159
1398
498
2713459
75930
23021512
8660851
18462063
20823871
10146692
23089417
23014727
1453859
22643099
5569681
10354924
23096213
18449912
17009290
22886003
22522131
15520
791338
19898644
10107
4234
6271516
6972560
15177793
22886003
20933726
21995051
8903810
249
19955461
21928778
22886003
12399
14952785
20196239
19716124
3592
11059
7259
17172982
21251979
3001292
7164105
689046
20869070
17331559
5148076
12764699
22886003
17214030
13161805
2072948
6556
9265
714704
968
18705905
22596017
679412
22174491
20720743
1053
22811644
17591563
17469
17015123
3101
21082812
6746567
23137010
18791631
18231886
2068
1154
632
2029667
22892769
5697204
598
496
21822948
21737148
4510
53502
2054486
22307882
11814
1350
10671121
23137010
20088343
18081236
12428497
13064513
11619679
475
13079851
11716290
15476748
20765830
6555
2722786
15644073
20914318
672339
22892769
19553202
21770128
5653396
23184652
5076
19155062
7837
1390
21935401
23218712
22254476
21082812
1028882
7381326
6751
23164228
10464
1025
814
21480772
21526679
6887008
107487
8886946
12087001
21995051
814
22892769
22569133
2748492
13523353
18767118
11451575
23177843
9094625
3800509
11284686
3017
10003029
21323754
20432076
2150
15078798
22886003
2848961
21988419
16055032
9637
2928443
6644101
20733620
20772275
27
16643866
22569135
22421573
21552932
22221132
22811644
10889325
7115069
21415279
21717372
22811644
22899536
20888456
23007943
22892769
123691
19459517
20438469
10671121
4398
18650900
5666861
12018220
21362955
1167814
23184652
4564
18577695
47
22926614
21658104
22636370
17431783
16231102
19716124
13732162
2130
1521
957
17351
12229912
39705
4401
22061425
88789
4123993
38036
21232425
2868
2230
23089417
21770128
241
22811644
22886003
20720743
21219394
2196
20830325
20817418
2112
21862604
978696
22167832
15128255
10693
21011442
20432076
12047663
65554
23089417
8193455
22101298
21566065
21356419
22274495
14751170
11562
9776341
18650900
21017925
21102297
19105578
2711115
17325671
4206
22845428
22670025
2385
10693
23116607
18135400
83684
20069335
705333
22381413
12689048
22811644
12428497
20380969
23518
17349225
626
12116512
7524108
10030
15221897
23143813
21671269
20387354
7786048
6587
15970149
13476589
21526679
18705905
21552932
4162424
20688568
22034864
9547787
18177581
8988368
11090
19291457
1975757
19087038
20836780
17384580
18268131
10893993
22690229
8552992
15122755
22919843
20107363
18877554
39531
11232512
6271511
1025
29130
22656560
17255126
19766388
5006
11814
19709845
22569135
15482
713447
15227415
19484481
9425864
19291457
21829555
22327925
22960483
22596017
20946669
22831911
22865711
16196936
23177843
4740492
300
2708
22750897
177
18087250
22401488
12956
21552932
22054783
15387864
8615136
107675
17349225
22886003
19766388
19087038
22831911
16910290
20451258
22154517
21658104
19397192
20791616
15304
19281
17937208
22811644
21730555
20733620
22629642
20675705
780
15232934
21829555
21829555
18388
20752943
11692100
23089417
22555698
21082812
13643227
889
18852984
706655
567183
22879238
3868
165
1248
21284589
2446
21011442
20177177
10810147
10209843
3402
21763530
23198273
4290159
13826639
92
22656560
564
19791546
23143813
15902409
21855992
2208
103
28952
22764390
20547297
22562415
18051181
22301203
22670025
21770128
164
757017
11764741
2023608
21362955
18541140
2626
106937
18988314
21089306
2342
17752049
981745
22061425
21506999
18791631
20901385
5071442
19105578
15122755
22811644
8197503
3671
21651523
21154301
22690229
22054783
19553202
17997147
3001292
22649829
6669656
17431783
2257391
17091039
9931596
9343622
7944680
21776727
25627
1088
23048662
23089417
19229399
21513558
16545939
23137010
19672193
5666861
15343517
23021512
22428270
18371030
19647109
1178
7415
5991428
11346531
20368200
2870430
7489257
714656
19509459
3177
3001287
939
1379
5186611
428
20624293
13249146
20547297
21717372
13789864
23123407
14838187
1734
21362955
13424728
11313210
8718
19397192
20368200
14919998
19961780
23798
1137
22940159
3789
18316517
7154
9373904
23089417
690
5680344
16875420
2070795
22596017
23190
22301203
20643565
20856151
21278065
23048662
22535556
2291
21539803
15655262
17991148
22261148
10889325
17349225
21658104
3964196
2034
14027199
23089417
22764390
14351
2206
2599294
23137010
20688568
1081
23164228
23184652
80666
221044
19384738
20810966
18268131
14470158
100
20656418
7428
21362955
20094682
689046
8615135
21441464
3559
7649
23116607
22174491
22061425
21658104
356
21376030
1267
12314126
14621124
22886003
17469
22121247
23021512
2487029
20985521
15868592
11360823
4861149
17085193
22703704
1398
16586229
5874267
22575854
11366
